Using pre-set license
Built from '2020.3/staging' branch; Version is '2020.3.19f1 (68f137dc9bbe) revision 6877495'; Using compiler version '192528614'; Build Type 'Release'
OS: 'Windows 10 Home; OS build 19043.1288; Version 2009; 64bit' Language: 'en' Physical Memory: 16205 MB
BatchMode: 1, IsHumanControllingUs: 0, StartBugReporterOnCrash: 0, Is64bit: 1, IsPro: 0

COMMAND LINE ARGUMENTS:
C:\Program Files\Unity\Hub\Editor\2020.3.19f1\Editor\Unity.exe
-adb2
-batchMode
-noUpm
-name
AssetImportWorker0
-projectPath
C:/Users/Lucas Hoksbergen/Documents/Unity Gaemz/EGD1/ElementsGame
-logFile
Logs/AssetImportWorker0.log
-srvPort
56832
Successfully changed project path to: C:/Users/Lucas Hoksbergen/Documents/Unity Gaemz/EGD1/ElementsGame
C:/Users/Lucas Hoksbergen/Documents/Unity Gaemz/EGD1/ElementsGame
Using Asset Import Pipeline V2.
Refreshing native plugins compatible for Editor in 38.97 ms, found 3 plugins.
Preloading 0 native plugins for Editor in 0.00 ms.
Initialize engine version: 2020.3.19f1 (68f137dc9bbe)
[Subsystems] Discovering subsystems at path C:/Program Files/Unity/Hub/Editor/2020.3.19f1/Editor/Data/Resources/UnitySubsystems
[Subsystems] Discovering subsystems at path C:/Users/Lucas Hoksbergen/Documents/Unity Gaemz/EGD1/ElementsGame/Assets
GfxDevice: creating device client; threaded=0
Direct3D:
    Version:  Direct3D 11.0 [level 11.1]
    Renderer: NVIDIA GeForce GTX 1650 with Max-Q Design (ID=0x1f99)
    Vendor:   
    VRAM:     3962 MB
    Driver:   30.0.14.9649
Initialize mono
Mono path[0] = 'C:/Program Files/Unity/Hub/Editor/2020.3.19f1/Editor/Data/Managed'
Mono path[1] = 'C:/Program Files/Unity/Hub/Editor/2020.3.19f1/Editor/Data/MonoBleedingEdge/lib/mono/unityjit'
Mono config path = 'C:/Program Files/Unity/Hub/Editor/2020.3.19f1/Editor/Data/MonoBleedingEdge/etc'
Using monoOptions --debugger-agent=transport=dt_socket,embedding=1,server=y,suspend=n,address=127.0.0.1:56408
Begin MonoManager ReloadAssembly
Registering precompiled unity dll's ...
Register platform support module: C:/Program Files/Unity/Hub/Editor/2020.3.19f1/Editor/Data/PlaybackEngines/WindowsStandaloneSupport/UnityEditor.WindowsStandalone.Extensions.dll
Registered in 0.002286 seconds.
Native extension for WindowsStandalone target not found
Refreshing native plugins compatible for Editor in 37.84 ms, found 3 plugins.
Preloading 0 native plugins for Editor in 0.00 ms.
Mono: successfully reloaded assembly
- Completed reload, in  1.080 seconds
Domain Reload Profiling:
	ReloadAssembly (1081ms)
		BeginReloadAssembly (50ms)
			ExecutionOrderSort (0ms)
			DisableScriptedObjects (0ms)
			BackupInstance (0ms)
			ReleaseScriptingObjects (0ms)
			CreateAndSetChildDomain (1ms)
		EndReloadAssembly (383ms)
			LoadAssemblies (48ms)
			RebuildTransferFunctionScriptingTraits (0ms)
			SetupTypeCache (129ms)
			ReleaseScriptCaches (0ms)
			RebuildScriptCaches (31ms)
			SetupLoadedEditorAssemblies (157ms)
				LogAssemblyErrors (0ms)
				InitializePlatformSupportModulesInManaged (4ms)
				SetLoadedEditorAssemblies (1ms)
				RefreshPlugins (38ms)
				BeforeProcessingInitializeOnLoad (15ms)
				ProcessInitializeOnLoadAttributes (73ms)
				ProcessInitializeOnLoadMethodAttributes (26ms)
				AfterProcessingInitializeOnLoad (0ms)
				EditorAssembliesLoaded (0ms)
			ExecutionOrderSort2 (0ms)
			AwakeInstancesAfterBackupRestoration (0ms)
Platform modules already initialized, skipping
Registering precompiled user dll's ...
Registered in 0.003917 seconds.
Begin MonoManager ReloadAssembly
Native extension for WindowsStandalone target not found
Refreshing native plugins compatible for Editor in 36.72 ms, found 3 plugins.
Preloading 0 native plugins for Editor in 0.00 ms.
Mono: successfully reloaded assembly
- Completed reload, in  1.041 seconds
Domain Reload Profiling:
	ReloadAssembly (1042ms)
		BeginReloadAssembly (136ms)
			ExecutionOrderSort (0ms)
			DisableScriptedObjects (4ms)
			BackupInstance (0ms)
			ReleaseScriptingObjects (0ms)
			CreateAndSetChildDomain (16ms)
		EndReloadAssembly (846ms)
			LoadAssemblies (83ms)
			RebuildTransferFunctionScriptingTraits (0ms)
			SetupTypeCache (257ms)
			ReleaseScriptCaches (0ms)
			RebuildScriptCaches (50ms)
			SetupLoadedEditorAssemblies (341ms)
				LogAssemblyErrors (0ms)
				InitializePlatformSupportModulesInManaged (4ms)
				SetLoadedEditorAssemblies (0ms)
				RefreshPlugins (37ms)
				BeforeProcessingInitializeOnLoad (84ms)
				ProcessInitializeOnLoadAttributes (198ms)
				ProcessInitializeOnLoadMethodAttributes (11ms)
				AfterProcessingInitializeOnLoad (7ms)
				EditorAssembliesLoaded (0ms)
			ExecutionOrderSort2 (0ms)
			AwakeInstancesAfterBackupRestoration (6ms)
Platform modules already initialized, skipping
========================================================================
Worker process is ready to serve import requests
Launched and connected shader compiler UnityShaderCompiler.exe after 0.06 seconds
Refreshing native plugins compatible for Editor in 0.41 ms, found 3 plugins.
Preloading 0 native plugins for Editor in 0.00 ms.
Unloading 2107 Unused Serialized files (Serialized files now loaded: 0)
System memory in use before: 100.1 MB.
System memory in use after: 100.2 MB.

Unloading 26 unused Assets to reduce memory usage. Loaded Objects now: 2562.
Total: 3.009900 ms (FindLiveObjects: 0.213600 ms CreateObjectMapping: 0.090200 ms MarkObjects: 2.623300 ms  DeleteObjects: 0.082000 ms)

AssetImportParameters requested are different than current active one (requested -> active):
  custom:framework-win-MediaFoundation: 216162199b28c13a410421893ffa2e32 -> 
  custom:video-decoder-ogg-theora: a1e56fd34408186e4bbccfd4996cb3dc -> 
  custom:container-muxer-webm: aa71ff27fc2769a1b78a27578f13a17b -> 
  custom:container-demuxer-webm: 4f35f7cbe854078d1ac9338744f61a02 -> 
  custom:container-demuxer-ogg: 62fdf1f143b41e24485cea50d1cbac27 -> 
  custom:video-encoder-webm-vp8: eb34c28f22e8b96e1ab97ce403110664 -> 
  custom:video-decoder-webm-vp8: 9c59270c3fd7afecdb556c50c9e8de78 -> 
  custom:audio-decoder-ogg-vorbis: bf7c407c2cedff20999df2af8eb42d56 -> 
  custom:audio-encoder-webm-vorbis: bf7c407c2cedff20999df2af8eb42d56 -> 
========================================================================
Received Import Request.
  path: Assets/Resources/Scripts/EnvironmentScripts/Generator.cs
  artifactKey: Guid(4cae77e6ad8ffc04f8833f6407a634b5) Importer(815301076,1909f56bfc062723c751e8b465ee728b)
Start importing Assets/Resources/Scripts/EnvironmentScripts/Generator.cs using Guid(4cae77e6ad8ffc04f8833f6407a634b5) Importer(815301076,1909f56bfc062723c751e8b465ee728b)  -> (artifact id: 'a533a412776430afd29ee1f9c4760a20') in 0.019762 seconds 
  Import took 0.022678 seconds .

========================================================================
Received Import Request.
  Time since last request: 0.000218 seconds.
  path: Assets/Resources/Scripts/EnvironmentScripts/RoomGenerator.cs
  artifactKey: Guid(c2470b6af6655304abd8ee8fc95e7d59) Importer(815301076,1909f56bfc062723c751e8b465ee728b)
Start importing Assets/Resources/Scripts/EnvironmentScripts/RoomGenerator.cs using Guid(c2470b6af6655304abd8ee8fc95e7d59) Importer(815301076,1909f56bfc062723c751e8b465ee728b)  -> (artifact id: '7b126eb95a7f4f96b1c2ce16dd95a400') in 0.003191 seconds 
  Import took 0.006035 seconds .

========================================================================
Received Import Request.
  Time since last request: 0.000144 seconds.
  path: Assets/Resources/Scripts/EnvironmentScripts/EnemySpawner.cs
  artifactKey: Guid(97e3ff5adf5114148a63a9b72e9fc5bd) Importer(815301076,1909f56bfc062723c751e8b465ee728b)
Start importing Assets/Resources/Scripts/EnvironmentScripts/EnemySpawner.cs using Guid(97e3ff5adf5114148a63a9b72e9fc5bd) Importer(815301076,1909f56bfc062723c751e8b465ee728b)  -> (artifact id: '007278e051707e94fd1fe083e11a4a79') in 0.014071 seconds 
  Import took 0.017484 seconds .

========================================================================
Received Import Request.
  Time since last request: 0.000197 seconds.
  path: Assets/Resources/Scripts/EnvironmentScripts/CrystalRandomizer.cs
  artifactKey: Guid(3cbb1a8ed922f8347b009fcc1a75c6f8) Importer(815301076,1909f56bfc062723c751e8b465ee728b)
Start importing Assets/Resources/Scripts/EnvironmentScripts/CrystalRandomizer.cs using Guid(3cbb1a8ed922f8347b009fcc1a75c6f8) Importer(815301076,1909f56bfc062723c751e8b465ee728b)  -> (artifact id: '88437eea3f64df4d272bbd6aecd579a8') in 0.003193 seconds 
  Import took 0.006207 seconds .

========================================================================
Received Import Request.
  Time since last request: 28.626733 seconds.
  path: Assets/Resources/Scripts/EnvironmentScripts/CrystalRandomizer.cs
  artifactKey: Guid(3cbb1a8ed922f8347b009fcc1a75c6f8) Importer(815301076,1909f56bfc062723c751e8b465ee728b)
Start importing Assets/Resources/Scripts/EnvironmentScripts/CrystalRandomizer.cs using Guid(3cbb1a8ed922f8347b009fcc1a75c6f8) Importer(815301076,1909f56bfc062723c751e8b465ee728b)  -> (artifact id: '831f98c2a6b4b34e4aff9408fe07ae6b') in 0.003360 seconds 
  Import took 0.006898 seconds .

========================================================================
Received Import Request.
  Time since last request: 3.079350 seconds.
  path: Assets/Resources/Scripts/EnvironmentScripts/CrystalRandomizer.cs
  artifactKey: Guid(3cbb1a8ed922f8347b009fcc1a75c6f8) Importer(815301076,1909f56bfc062723c751e8b465ee728b)
Start importing Assets/Resources/Scripts/EnvironmentScripts/CrystalRandomizer.cs using Guid(3cbb1a8ed922f8347b009fcc1a75c6f8) Importer(815301076,1909f56bfc062723c751e8b465ee728b)  -> (artifact id: 'bbcedd369b4f49bedc5cc6e17cdebe6f') in 0.003525 seconds 
  Import took 0.007414 seconds .

========================================================================
Received Import Request.
  Time since last request: 16.091232 seconds.
  path: Assets/Resources/Scripts/EnvironmentScripts/CrystalRandomizer.cs
  artifactKey: Guid(3cbb1a8ed922f8347b009fcc1a75c6f8) Importer(815301076,1909f56bfc062723c751e8b465ee728b)
Start importing Assets/Resources/Scripts/EnvironmentScripts/CrystalRandomizer.cs using Guid(3cbb1a8ed922f8347b009fcc1a75c6f8) Importer(815301076,1909f56bfc062723c751e8b465ee728b)  -> (artifact id: '0d1f386a3cced22c5ee8583af76c0b0c') in 0.003455 seconds 
  Import took 0.006555 seconds .

========================================================================
Received Import Request.
  Time since last request: 36.897532 seconds.
  path: Assets/Resources/Scripts/EnvironmentScripts/CrystalRandomizer.cs
  artifactKey: Guid(3cbb1a8ed922f8347b009fcc1a75c6f8) Importer(815301076,1909f56bfc062723c751e8b465ee728b)
Start importing Assets/Resources/Scripts/EnvironmentScripts/CrystalRandomizer.cs using Guid(3cbb1a8ed922f8347b009fcc1a75c6f8) Importer(815301076,1909f56bfc062723c751e8b465ee728b)  -> (artifact id: '77354873c714a5c26236761f754723db') in 0.003942 seconds 
  Import took 0.007102 seconds .

========================================================================
Received Prepare
Registering precompiled user dll's ...
Registered in 0.003872 seconds.
Begin MonoManager ReloadAssembly
Native extension for WindowsStandalone target not found
Refreshing native plugins compatible for Editor in 0.40 ms, found 3 plugins.
Preloading 0 native plugins for Editor in 0.00 ms.
Mono: successfully reloaded assembly
- Completed reload, in  0.947 seconds
Domain Reload Profiling:
	ReloadAssembly (947ms)
		BeginReloadAssembly (112ms)
			ExecutionOrderSort (0ms)
			DisableScriptedObjects (7ms)
			BackupInstance (0ms)
			ReleaseScriptingObjects (0ms)
			CreateAndSetChildDomain (39ms)
		EndReloadAssembly (773ms)
			LoadAssemblies (84ms)
			RebuildTransferFunctionScriptingTraits (0ms)
			SetupTypeCache (256ms)
			ReleaseScriptCaches (1ms)
			RebuildScriptCaches (43ms)
			SetupLoadedEditorAssemblies (297ms)
				LogAssemblyErrors (0ms)
				InitializePlatformSupportModulesInManaged (5ms)
				SetLoadedEditorAssemblies (0ms)
				RefreshPlugins (0ms)
				BeforeProcessingInitializeOnLoad (85ms)
				ProcessInitializeOnLoadAttributes (193ms)
				ProcessInitializeOnLoadMethodAttributes (5ms)
				AfterProcessingInitializeOnLoad (7ms)
				EditorAssembliesLoaded (0ms)
			ExecutionOrderSort2 (0ms)
			AwakeInstancesAfterBackupRestoration (10ms)
Platform modules already initialized, skipping
Refreshing native plugins compatible for Editor in 0.43 ms, found 3 plugins.
Preloading 0 native plugins for Editor in 0.00 ms.
Unloading 2097 Unused Serialized files (Serialized files now loaded: 0)
System memory in use before: 99.6 MB.
System memory in use after: 99.7 MB.

Unloading 14 unused Assets to reduce memory usage. Loaded Objects now: 2565.
Total: 2.455400 ms (FindLiveObjects: 0.171200 ms CreateObjectMapping: 0.071800 ms MarkObjects: 2.199000 ms  DeleteObjects: 0.012600 ms)

AssetImportParameters requested are different than current active one (requested -> active):
  custom:framework-win-MediaFoundation: 216162199b28c13a410421893ffa2e32 -> 
  custom:video-decoder-ogg-theora: a1e56fd34408186e4bbccfd4996cb3dc -> 
  custom:container-muxer-webm: aa71ff27fc2769a1b78a27578f13a17b -> 
  custom:container-demuxer-webm: 4f35f7cbe854078d1ac9338744f61a02 -> 
  custom:container-demuxer-ogg: 62fdf1f143b41e24485cea50d1cbac27 -> 
  custom:video-encoder-webm-vp8: eb34c28f22e8b96e1ab97ce403110664 -> 
  custom:video-decoder-webm-vp8: 9c59270c3fd7afecdb556c50c9e8de78 -> 
  custom:audio-decoder-ogg-vorbis: bf7c407c2cedff20999df2af8eb42d56 -> 
  custom:audio-encoder-webm-vorbis: bf7c407c2cedff20999df2af8eb42d56 -> 
========================================================================
Received Import Request.
  Time since last request: 25.209842 seconds.
  path: Assets/Resources/Prefabs/LevelCreation/PlatformPresets/10x10/10x10.0.prefab
  artifactKey: Guid(81161aa3952867a4eba051b42765d9c7) Importer(815301076,1909f56bfc062723c751e8b465ee728b)
Start importing Assets/Resources/Prefabs/LevelCreation/PlatformPresets/10x10/10x10.0.prefab using Guid(81161aa3952867a4eba051b42765d9c7) Importer(815301076,1909f56bfc062723c751e8b465ee728b)  -> (artifact id: 'f57e818eeb3dd004b470d06343332a73') in 0.089776 seconds 
  Import took 0.093565 seconds .

========================================================================
Received Import Request.
  Time since last request: 8.007685 seconds.
  path: Assets/Resources/Prefabs/LevelCreation/PlatformPresets/10x10/10x10.0.prefab
  artifactKey: Guid(81161aa3952867a4eba051b42765d9c7) Importer(815301076,1909f56bfc062723c751e8b465ee728b)
Start importing Assets/Resources/Prefabs/LevelCreation/PlatformPresets/10x10/10x10.0.prefab using Guid(81161aa3952867a4eba051b42765d9c7) Importer(815301076,1909f56bfc062723c751e8b465ee728b)  -> (artifact id: '0ba965de176d855d2792e45f972d54c1') in 0.018395 seconds 
  Import took 0.021739 seconds .

========================================================================
Received Prepare
Registering precompiled user dll's ...
Registered in 0.004097 seconds.
Begin MonoManager ReloadAssembly
Native extension for WindowsStandalone target not found
Refreshing native plugins compatible for Editor in 0.60 ms, found 3 plugins.
Preloading 0 native plugins for Editor in 0.00 ms.
Mono: successfully reloaded assembly
- Completed reload, in  1.116 seconds
Domain Reload Profiling:
	ReloadAssembly (1117ms)
		BeginReloadAssembly (125ms)
			ExecutionOrderSort (0ms)
			DisableScriptedObjects (10ms)
			BackupInstance (0ms)
			ReleaseScriptingObjects (0ms)
			CreateAndSetChildDomain (38ms)
		EndReloadAssembly (920ms)
			LoadAssemblies (97ms)
			RebuildTransferFunctionScriptingTraits (0ms)
			SetupTypeCache (300ms)
			ReleaseScriptCaches (1ms)
			RebuildScriptCaches (55ms)
			SetupLoadedEditorAssemblies (352ms)
				LogAssemblyErrors (0ms)
				InitializePlatformSupportModulesInManaged (6ms)
				SetLoadedEditorAssemblies (1ms)
				RefreshPlugins (1ms)
				BeforeProcessingInitializeOnLoad (104ms)
				ProcessInitializeOnLoadAttributes (226ms)
				ProcessInitializeOnLoadMethodAttributes (7ms)
				AfterProcessingInitializeOnLoad (8ms)
				EditorAssembliesLoaded (0ms)
			ExecutionOrderSort2 (0ms)
			AwakeInstancesAfterBackupRestoration (12ms)
Platform modules already initialized, skipping
Refreshing native plugins compatible for Editor in 0.46 ms, found 3 plugins.
Preloading 0 native plugins for Editor in 0.00 ms.
Unloading 2097 Unused Serialized files (Serialized files now loaded: 0)
System memory in use before: 102.6 MB.
System memory in use after: 102.7 MB.

Unloading 14 unused Assets to reduce memory usage. Loaded Objects now: 2575.
Total: 2.920000 ms (FindLiveObjects: 0.223300 ms CreateObjectMapping: 0.106900 ms MarkObjects: 2.570000 ms  DeleteObjects: 0.018400 ms)

AssetImportParameters requested are different than current active one (requested -> active):
  custom:framework-win-MediaFoundation: 216162199b28c13a410421893ffa2e32 -> 
  custom:video-decoder-ogg-theora: a1e56fd34408186e4bbccfd4996cb3dc -> 
  custom:container-muxer-webm: aa71ff27fc2769a1b78a27578f13a17b -> 
  custom:container-demuxer-webm: 4f35f7cbe854078d1ac9338744f61a02 -> 
  custom:container-demuxer-ogg: 62fdf1f143b41e24485cea50d1cbac27 -> 
  custom:video-encoder-webm-vp8: eb34c28f22e8b96e1ab97ce403110664 -> 
  custom:video-decoder-webm-vp8: 9c59270c3fd7afecdb556c50c9e8de78 -> 
  custom:audio-decoder-ogg-vorbis: bf7c407c2cedff20999df2af8eb42d56 -> 
  custom:audio-encoder-webm-vorbis: bf7c407c2cedff20999df2af8eb42d56 -> 
========================================================================
Received Prepare
Registering precompiled user dll's ...
Registered in 0.004939 seconds.
Begin MonoManager ReloadAssembly
Native extension for WindowsStandalone target not found
Refreshing native plugins compatible for Editor in 0.48 ms, found 3 plugins.
Preloading 0 native plugins for Editor in 0.00 ms.
Mono: successfully reloaded assembly
- Completed reload, in  0.947 seconds
Domain Reload Profiling:
	ReloadAssembly (947ms)
		BeginReloadAssembly (104ms)
			ExecutionOrderSort (0ms)
			DisableScriptedObjects (6ms)
			BackupInstance (0ms)
			ReleaseScriptingObjects (0ms)
			CreateAndSetChildDomain (32ms)
		EndReloadAssembly (784ms)
			LoadAssemblies (83ms)
			RebuildTransferFunctionScriptingTraits (0ms)
			SetupTypeCache (260ms)
			ReleaseScriptCaches (1ms)
			RebuildScriptCaches (44ms)
			SetupLoadedEditorAssemblies (299ms)
				LogAssemblyErrors (0ms)
				InitializePlatformSupportModulesInManaged (5ms)
				SetLoadedEditorAssemblies (0ms)
				RefreshPlugins (1ms)
				BeforeProcessingInitializeOnLoad (87ms)
				ProcessInitializeOnLoadAttributes (192ms)
				ProcessInitializeOnLoadMethodAttributes (6ms)
				AfterProcessingInitializeOnLoad (8ms)
				EditorAssembliesLoaded (0ms)
			ExecutionOrderSort2 (0ms)
			AwakeInstancesAfterBackupRestoration (10ms)
Platform modules already initialized, skipping
Refreshing native plugins compatible for Editor in 0.66 ms, found 3 plugins.
Preloading 0 native plugins for Editor in 0.00 ms.
Unloading 2097 Unused Serialized files (Serialized files now loaded: 0)
System memory in use before: 102.6 MB.
System memory in use after: 102.7 MB.

Unloading 14 unused Assets to reduce memory usage. Loaded Objects now: 2578.
Total: 2.486000 ms (FindLiveObjects: 0.177600 ms CreateObjectMapping: 0.075900 ms MarkObjects: 2.219000 ms  DeleteObjects: 0.012500 ms)

AssetImportParameters requested are different than current active one (requested -> active):
  custom:framework-win-MediaFoundation: 216162199b28c13a410421893ffa2e32 -> 
  custom:video-decoder-ogg-theora: a1e56fd34408186e4bbccfd4996cb3dc -> 
  custom:container-muxer-webm: aa71ff27fc2769a1b78a27578f13a17b -> 
  custom:container-demuxer-webm: 4f35f7cbe854078d1ac9338744f61a02 -> 
  custom:container-demuxer-ogg: 62fdf1f143b41e24485cea50d1cbac27 -> 
  custom:video-encoder-webm-vp8: eb34c28f22e8b96e1ab97ce403110664 -> 
  custom:video-decoder-webm-vp8: 9c59270c3fd7afecdb556c50c9e8de78 -> 
  custom:audio-decoder-ogg-vorbis: bf7c407c2cedff20999df2af8eb42d56 -> 
  custom:audio-encoder-webm-vorbis: bf7c407c2cedff20999df2af8eb42d56 -> 
========================================================================
Received Prepare
Registering precompiled user dll's ...
Registered in 0.005101 seconds.
Begin MonoManager ReloadAssembly
Native extension for WindowsStandalone target not found
Refreshing native plugins compatible for Editor in 0.72 ms, found 3 plugins.
Preloading 0 native plugins for Editor in 0.00 ms.
Mono: successfully reloaded assembly
- Completed reload, in  1.308 seconds
Domain Reload Profiling:
	ReloadAssembly (1309ms)
		BeginReloadAssembly (104ms)
			ExecutionOrderSort (0ms)
			DisableScriptedObjects (6ms)
			BackupInstance (0ms)
			ReleaseScriptingObjects (0ms)
			CreateAndSetChildDomain (31ms)
		EndReloadAssembly (1113ms)
			LoadAssemblies (106ms)
			RebuildTransferFunctionScriptingTraits (0ms)
			SetupTypeCache (367ms)
			ReleaseScriptCaches (1ms)
			RebuildScriptCaches (110ms)
			SetupLoadedEditorAssemblies (373ms)
				LogAssemblyErrors (0ms)
				InitializePlatformSupportModulesInManaged (8ms)
				SetLoadedEditorAssemblies (1ms)
				RefreshPlugins (1ms)
				BeforeProcessingInitializeOnLoad (111ms)
				ProcessInitializeOnLoadAttributes (239ms)
				ProcessInitializeOnLoadMethodAttributes (6ms)
				AfterProcessingInitializeOnLoad (8ms)
				EditorAssembliesLoaded (0ms)
			ExecutionOrderSort2 (0ms)
			AwakeInstancesAfterBackupRestoration (13ms)
Platform modules already initialized, skipping
Refreshing native plugins compatible for Editor in 0.72 ms, found 3 plugins.
Preloading 0 native plugins for Editor in 0.00 ms.
Unloading 2097 Unused Serialized files (Serialized files now loaded: 0)
System memory in use before: 102.6 MB.
System memory in use after: 102.7 MB.

Unloading 14 unused Assets to reduce memory usage. Loaded Objects now: 2581.
Total: 2.873900 ms (FindLiveObjects: 0.218800 ms CreateObjectMapping: 0.112200 ms MarkObjects: 2.524600 ms  DeleteObjects: 0.017000 ms)

AssetImportParameters requested are different than current active one (requested -> active):
  custom:framework-win-MediaFoundation: 216162199b28c13a410421893ffa2e32 -> 
  custom:video-decoder-ogg-theora: a1e56fd34408186e4bbccfd4996cb3dc -> 
  custom:container-muxer-webm: aa71ff27fc2769a1b78a27578f13a17b -> 
  custom:container-demuxer-webm: 4f35f7cbe854078d1ac9338744f61a02 -> 
  custom:container-demuxer-ogg: 62fdf1f143b41e24485cea50d1cbac27 -> 
  custom:video-encoder-webm-vp8: eb34c28f22e8b96e1ab97ce403110664 -> 
  custom:video-decoder-webm-vp8: 9c59270c3fd7afecdb556c50c9e8de78 -> 
  custom:audio-decoder-ogg-vorbis: bf7c407c2cedff20999df2af8eb42d56 -> 
  custom:audio-encoder-webm-vorbis: bf7c407c2cedff20999df2af8eb42d56 -> 
========================================================================
Received Import Request.
  Time since last request: 141.520941 seconds.
  path: Assets/Resources/Prefabs/Player/Player Variant.prefab
  artifactKey: Guid(a153a0385146d0a4287416b19c788aad) Importer(815301076,1909f56bfc062723c751e8b465ee728b)
Start importing Assets/Resources/Prefabs/Player/Player Variant.prefab using Guid(a153a0385146d0a4287416b19c788aad) Importer(815301076,1909f56bfc062723c751e8b465ee728b)  -> (artifact id: '4c3e6563a6cc976d4665f876df06d815') in 0.103478 seconds 
  Import took 0.109641 seconds .

========================================================================
Received Import Request.
  Time since last request: 6.522067 seconds.
  path: Assets/Resources/Prefabs/Player/Player.prefab
  artifactKey: Guid(a153a0385146d0a4287416b19c788aad) Importer(815301076,1909f56bfc062723c751e8b465ee728b)
Start importing Assets/Resources/Prefabs/Player/Player.prefab using Guid(a153a0385146d0a4287416b19c788aad) Importer(815301076,1909f56bfc062723c751e8b465ee728b)  -> (artifact id: '56e3ea231fcd58c2a1ca28ab2c2f167b') in 0.022061 seconds 
  Import took 0.026474 seconds .

========================================================================
Received Import Request.
  Time since last request: 1.159511 seconds.
  path: Assets/Resources/Prefabs/Player/Player 1.prefab.orig
  artifactKey: Guid(534c75e225db6f041a75b1c11a3b461c) Importer(815301076,1909f56bfc062723c751e8b465ee728b)
Start importing Assets/Resources/Prefabs/Player/Player 1.prefab.orig using Guid(534c75e225db6f041a75b1c11a3b461c) Importer(815301076,1909f56bfc062723c751e8b465ee728b)  -> (artifact id: 'a078d336608e1f38b296e8a48dd5710f') in 0.005681 seconds 
  Import took 0.008903 seconds .

========================================================================
Received Import Request.
  Time since last request: 24.969908 seconds.
  path: Assets/Resources/Prefabs/LevelCreation/PlatformPresets/10x10/10x10.0.prefab
  artifactKey: Guid(81161aa3952867a4eba051b42765d9c7) Importer(815301076,1909f56bfc062723c751e8b465ee728b)
Start importing Assets/Resources/Prefabs/LevelCreation/PlatformPresets/10x10/10x10.0.prefab using Guid(81161aa3952867a4eba051b42765d9c7) Importer(815301076,1909f56bfc062723c751e8b465ee728b)  -> (artifact id: '431b5bf2362b333ed7c60831b8a1788c') in 0.025165 seconds 
  Import took 0.028727 seconds .

========================================================================
Received Import Request.
  Time since last request: 28.697596 seconds.
  path: Assets/Resources/Prefabs/Player/HeavyCDBar.prefab
  artifactKey: Guid(cb1eef2354de9b04eb7f5d8fda04fdf6) Importer(815301076,1909f56bfc062723c751e8b465ee728b)
Start importing Assets/Resources/Prefabs/Player/HeavyCDBar.prefab using Guid(cb1eef2354de9b04eb7f5d8fda04fdf6) Importer(815301076,1909f56bfc062723c751e8b465ee728b)  -> (artifact id: 'c487704e5db429a47329a5432493cc01') in 0.005970 seconds 
  Import took 0.009183 seconds .

========================================================================
Received Import Request.
  Time since last request: 2.557914 seconds.
  path: Assets/Resources/Prefabs/Player/Player.prefab
  artifactKey: Guid(a153a0385146d0a4287416b19c788aad) Importer(815301076,1909f56bfc062723c751e8b465ee728b)
Start importing Assets/Resources/Prefabs/Player/Player.prefab using Guid(a153a0385146d0a4287416b19c788aad) Importer(815301076,1909f56bfc062723c751e8b465ee728b)  -> (artifact id: '062bab449eaf08218576b95a7c7f66ac') in 0.022166 seconds 
  Import took 0.027364 seconds .

========================================================================
Received Prepare
Registering precompiled user dll's ...
Registered in 0.003794 seconds.
Begin MonoManager ReloadAssembly
Native extension for WindowsStandalone target not found
Refreshing native plugins compatible for Editor in 0.44 ms, found 3 plugins.
Preloading 0 native plugins for Editor in 0.00 ms.
Mono: successfully reloaded assembly
- Completed reload, in  1.012 seconds
Domain Reload Profiling:
	ReloadAssembly (1013ms)
		BeginReloadAssembly (106ms)
			ExecutionOrderSort (0ms)
			DisableScriptedObjects (6ms)
			BackupInstance (0ms)
			ReleaseScriptingObjects (0ms)
			CreateAndSetChildDomain (32ms)
		EndReloadAssembly (842ms)
			LoadAssemblies (94ms)
			RebuildTransferFunctionScriptingTraits (0ms)
			SetupTypeCache (275ms)
			ReleaseScriptCaches (1ms)
			RebuildScriptCaches (50ms)
			SetupLoadedEditorAssemblies (311ms)
				LogAssemblyErrors (0ms)
				InitializePlatformSupportModulesInManaged (5ms)
				SetLoadedEditorAssemblies (0ms)
				RefreshPlugins (1ms)
				BeforeProcessingInitializeOnLoad (95ms)
				ProcessInitializeOnLoadAttributes (197ms)
				ProcessInitializeOnLoadMethodAttributes (5ms)
				AfterProcessingInitializeOnLoad (7ms)
				EditorAssembliesLoaded (0ms)
			ExecutionOrderSort2 (0ms)
			AwakeInstancesAfterBackupRestoration (10ms)
Platform modules already initialized, skipping
Refreshing native plugins compatible for Editor in 0.41 ms, found 3 plugins.
Preloading 0 native plugins for Editor in 0.00 ms.
Unloading 2097 Unused Serialized files (Serialized files now loaded: 0)
System memory in use before: 102.7 MB.
System memory in use after: 102.8 MB.

Unloading 14 unused Assets to reduce memory usage. Loaded Objects now: 2585.
Total: 2.566600 ms (FindLiveObjects: 0.182100 ms CreateObjectMapping: 0.076000 ms MarkObjects: 2.292500 ms  DeleteObjects: 0.015200 ms)

AssetImportParameters requested are different than current active one (requested -> active):
  custom:framework-win-MediaFoundation: 216162199b28c13a410421893ffa2e32 -> 
  custom:video-decoder-ogg-theora: a1e56fd34408186e4bbccfd4996cb3dc -> 
  custom:container-muxer-webm: aa71ff27fc2769a1b78a27578f13a17b -> 
  custom:container-demuxer-webm: 4f35f7cbe854078d1ac9338744f61a02 -> 
  custom:container-demuxer-ogg: 62fdf1f143b41e24485cea50d1cbac27 -> 
  custom:video-encoder-webm-vp8: eb34c28f22e8b96e1ab97ce403110664 -> 
  custom:video-decoder-webm-vp8: 9c59270c3fd7afecdb556c50c9e8de78 -> 
  custom:audio-decoder-ogg-vorbis: bf7c407c2cedff20999df2af8eb42d56 -> 
  custom:audio-encoder-webm-vorbis: bf7c407c2cedff20999df2af8eb42d56 -> 
========================================================================
Received Import Request.
  Time since last request: 391.893215 seconds.
  path: Assets/Resources/Sprites/WoodenPlatform.png
  artifactKey: Guid(3b11270f5575d5f4b847470c4e9b9ae4) Importer(815301076,1909f56bfc062723c751e8b465ee728b)
Start importing Assets/Resources/Sprites/WoodenPlatform.png using Guid(3b11270f5575d5f4b847470c4e9b9ae4) Importer(815301076,1909f56bfc062723c751e8b465ee728b)  -> (artifact id: '9c9953aa076facafa1041c6c68f405a0') in 0.063040 seconds 
  Import took 0.069112 seconds .

========================================================================
Received Import Request.
  Time since last request: 4.957572 seconds.
  path: Assets/Resources/Sprites/WoodenPlatform.png
  artifactKey: Guid(3b11270f5575d5f4b847470c4e9b9ae4) Importer(815301076,1909f56bfc062723c751e8b465ee728b)
Start importing Assets/Resources/Sprites/WoodenPlatform.png using Guid(3b11270f5575d5f4b847470c4e9b9ae4) Importer(815301076,1909f56bfc062723c751e8b465ee728b)  -> (artifact id: '1777dbd80b167d67bfac707fc4d75eb2') in 0.016082 seconds 
  Import took 0.019086 seconds .

========================================================================
Received Import Request.
  Time since last request: 145.795135 seconds.
  path: Assets/Resources/Prefabs/LevelCreation/LevelPresets/LvlLayout1.prefab
  artifactKey: Guid(959c53fd090bdf041bb8938e86808eb0) Importer(815301076,1909f56bfc062723c751e8b465ee728b)
Start importing Assets/Resources/Prefabs/LevelCreation/LevelPresets/LvlLayout1.prefab using Guid(959c53fd090bdf041bb8938e86808eb0) Importer(815301076,1909f56bfc062723c751e8b465ee728b)  -> (artifact id: '818e9c19e5aa5ee9b476ade1287f1177') in 0.042903 seconds 
  Import took 0.046840 seconds .

========================================================================
Received Import Request.
  Time since last request: 0.000138 seconds.
  path: Assets/Resources/Prefabs/LevelCreation/LevelPresets/LvlLayout2.prefab
  artifactKey: Guid(f6676fd84c31e044ba4f08c1f0e33cdc) Importer(815301076,1909f56bfc062723c751e8b465ee728b)
Start importing Assets/Resources/Prefabs/LevelCreation/LevelPresets/LvlLayout2.prefab using Guid(f6676fd84c31e044ba4f08c1f0e33cdc) Importer(815301076,1909f56bfc062723c751e8b465ee728b)  -> (artifact id: 'bef16d5fff975bb2725713e0900d6c82') in 0.018564 seconds 
  Import took 0.023511 seconds .

========================================================================
Received Import Request.
  Time since last request: 0.000347 seconds.
  path: Assets/Resources/Prefabs/LevelCreation/LevelPresets/LvlLayout3.prefab
  artifactKey: Guid(ba75f8b62b1476d4bb9ea8f53f959469) Importer(815301076,1909f56bfc062723c751e8b465ee728b)
Start importing Assets/Resources/Prefabs/LevelCreation/LevelPresets/LvlLayout3.prefab using Guid(ba75f8b62b1476d4bb9ea8f53f959469) Importer(815301076,1909f56bfc062723c751e8b465ee728b)  -> (artifact id: '612fec2463d6098dd5bcdfb94e6fc23c') in 0.019689 seconds 
  Import took 0.023261 seconds .

========================================================================
Received Import Request.
  Time since last request: 2.055840 seconds.
  path: Assets/Resources/Prefabs/LevelCreation/PlatformPresets/10x20/10x20.0.prefab
  artifactKey: Guid(db643bcc9d3c3bd44a90f0ca79a76d64) Importer(815301076,1909f56bfc062723c751e8b465ee728b)
Start importing Assets/Resources/Prefabs/LevelCreation/PlatformPresets/10x20/10x20.0.prefab using Guid(db643bcc9d3c3bd44a90f0ca79a76d64) Importer(815301076,1909f56bfc062723c751e8b465ee728b)  -> (artifact id: 'a4096888d1fca44fc8cadf1c4ed7b443') in 0.023179 seconds 
  Import took 0.027333 seconds .

========================================================================
Received Import Request.
  Time since last request: 0.000149 seconds.
  path: Assets/Resources/Prefabs/LevelCreation/PlatformPresets/10x20/10x20.3.prefab
  artifactKey: Guid(d0770de00f149cd41b85641534f73908) Importer(815301076,1909f56bfc062723c751e8b465ee728b)
Start importing Assets/Resources/Prefabs/LevelCreation/PlatformPresets/10x20/10x20.3.prefab using Guid(d0770de00f149cd41b85641534f73908) Importer(815301076,1909f56bfc062723c751e8b465ee728b)  -> (artifact id: '765fa0b019960848a223f5bc07079796') in 0.020459 seconds 
  Import took 0.024104 seconds .

========================================================================
Received Import Request.
  Time since last request: 0.000267 seconds.
  path: Assets/Resources/Prefabs/LevelCreation/PlatformPresets/10x20/10x20.2.prefab
  artifactKey: Guid(83e8635ade60814498f4129e4fe0ff53) Importer(815301076,1909f56bfc062723c751e8b465ee728b)
Start importing Assets/Resources/Prefabs/LevelCreation/PlatformPresets/10x20/10x20.2.prefab using Guid(83e8635ade60814498f4129e4fe0ff53) Importer(815301076,1909f56bfc062723c751e8b465ee728b)  -> (artifact id: '9dab5f2aa92429698aea69b98f1d6dbf') in 0.020643 seconds 
  Import took 0.025643 seconds .

========================================================================
Received Import Request.
  Time since last request: 0.000170 seconds.
  path: Assets/Resources/Prefabs/LevelCreation/PlatformPresets/10x20/10x20.1.prefab
  artifactKey: Guid(3b33d4896d79ae243a1cdee971f20a14) Importer(815301076,1909f56bfc062723c751e8b465ee728b)
Start importing Assets/Resources/Prefabs/LevelCreation/PlatformPresets/10x20/10x20.1.prefab using Guid(3b33d4896d79ae243a1cdee971f20a14) Importer(815301076,1909f56bfc062723c751e8b465ee728b)  -> (artifact id: '239feabee0a6cc45a346cb5713537040') in 0.019258 seconds 
  Import took 0.022645 seconds .

========================================================================
Received Import Request.
  Time since last request: 15.658751 seconds.
  path: Assets/Resources/Prefabs/LevelCreation/PlatformPresets/10x20/10x20.3.prefab
  artifactKey: Guid(d0770de00f149cd41b85641534f73908) Importer(815301076,1909f56bfc062723c751e8b465ee728b)
Start importing Assets/Resources/Prefabs/LevelCreation/PlatformPresets/10x20/10x20.3.prefab using Guid(d0770de00f149cd41b85641534f73908) Importer(815301076,1909f56bfc062723c751e8b465ee728b)  -> (artifact id: '3ebbc1071c9ff19ce07486d16e0c4a89') in 0.016960 seconds 
  Import took 0.020595 seconds .

========================================================================
Received Import Request.
  Time since last request: 4.730494 seconds.
  path: Assets/Resources/Prefabs/LevelCreation/PlatformPresets/10x20/10x20.3.prefab
  artifactKey: Guid(d0770de00f149cd41b85641534f73908) Importer(815301076,1909f56bfc062723c751e8b465ee728b)
Start importing Assets/Resources/Prefabs/LevelCreation/PlatformPresets/10x20/10x20.3.prefab using Guid(d0770de00f149cd41b85641534f73908) Importer(815301076,1909f56bfc062723c751e8b465ee728b)  -> (artifact id: '2ff8b961a8c4b213f5ebb6a91094953f') in 0.019275 seconds 
  Import took 0.023587 seconds .

========================================================================
Received Import Request.
  Time since last request: 3.082568 seconds.
  path: Assets/Resources/Prefabs/LevelCreation/WoodenPlatform.prefab
  artifactKey: Guid(f8617d2296874b24c9f7b6d11ee5e3ab) Importer(815301076,1909f56bfc062723c751e8b465ee728b)
Start importing Assets/Resources/Prefabs/LevelCreation/WoodenPlatform.prefab using Guid(f8617d2296874b24c9f7b6d11ee5e3ab) Importer(815301076,1909f56bfc062723c751e8b465ee728b)  -> (artifact id: '937b5ff0b69cc929b37c06fd5f613459') in 0.012776 seconds 
  Import took 0.016599 seconds .

========================================================================
Received Import Request.
  Time since last request: 29.023938 seconds.
  path: Assets/Resources/Prefabs/LevelCreation/WoodenPlatform.prefab
  artifactKey: Guid(f8617d2296874b24c9f7b6d11ee5e3ab) Importer(815301076,1909f56bfc062723c751e8b465ee728b)
Start importing Assets/Resources/Prefabs/LevelCreation/WoodenPlatform.prefab using Guid(f8617d2296874b24c9f7b6d11ee5e3ab) Importer(815301076,1909f56bfc062723c751e8b465ee728b)  -> (artifact id: '8fba3c19b91f5a2ac9efc2cf01596a8e') in 0.012199 seconds 
  Import took 0.015589 seconds .

========================================================================
Received Import Request.
  Time since last request: 4.221056 seconds.
  path: Assets/Resources/Materials
  artifactKey: Guid(e5d21391b94f5914693160b3b41e7a27) Importer(815301076,1909f56bfc062723c751e8b465ee728b)
Start importing Assets/Resources/Materials using Guid(e5d21391b94f5914693160b3b41e7a27) Importer(815301076,1909f56bfc062723c751e8b465ee728b)  -> (artifact id: '07a11efd4031764897f5ad379a6fc037') in 0.004722 seconds 
  Import took 0.009090 seconds .

========================================================================
Received Prepare
Registering precompiled user dll's ...
Registered in 0.004453 seconds.
Begin MonoManager ReloadAssembly
Native extension for WindowsStandalone target not found
Refreshing native plugins compatible for Editor in 0.41 ms, found 3 plugins.
Preloading 0 native plugins for Editor in 0.00 ms.
Mono: successfully reloaded assembly
- Completed reload, in  0.980 seconds
Domain Reload Profiling:
	ReloadAssembly (980ms)
		BeginReloadAssembly (116ms)
			ExecutionOrderSort (0ms)
			DisableScriptedObjects (6ms)
			BackupInstance (0ms)
			ReleaseScriptingObjects (0ms)
			CreateAndSetChildDomain (38ms)
		EndReloadAssembly (800ms)
			LoadAssemblies (93ms)
			RebuildTransferFunctionScriptingTraits (0ms)
			SetupTypeCache (256ms)
			ReleaseScriptCaches (2ms)
			RebuildScriptCaches (44ms)
			SetupLoadedEditorAssemblies (312ms)
				LogAssemblyErrors (0ms)
				InitializePlatformSupportModulesInManaged (5ms)
				SetLoadedEditorAssemblies (0ms)
				RefreshPlugins (0ms)
				BeforeProcessingInitializeOnLoad (88ms)
				ProcessInitializeOnLoadAttributes (203ms)
				ProcessInitializeOnLoadMethodAttributes (6ms)
				AfterProcessingInitializeOnLoad (8ms)
				EditorAssembliesLoaded (0ms)
			ExecutionOrderSort2 (0ms)
			AwakeInstancesAfterBackupRestoration (10ms)
Platform modules already initialized, skipping
Refreshing native plugins compatible for Editor in 0.53 ms, found 3 plugins.
Preloading 0 native plugins for Editor in 0.00 ms.
Unloading 2097 Unused Serialized files (Serialized files now loaded: 0)
System memory in use before: 102.8 MB.
System memory in use after: 102.9 MB.

Unloading 14 unused Assets to reduce memory usage. Loaded Objects now: 2592.
Total: 2.557200 ms (FindLiveObjects: 0.182500 ms CreateObjectMapping: 0.076000 ms MarkObjects: 2.275300 ms  DeleteObjects: 0.022300 ms)

AssetImportParameters requested are different than current active one (requested -> active):
  custom:framework-win-MediaFoundation: 216162199b28c13a410421893ffa2e32 -> 
  custom:video-decoder-ogg-theora: a1e56fd34408186e4bbccfd4996cb3dc -> 
  custom:container-muxer-webm: aa71ff27fc2769a1b78a27578f13a17b -> 
  custom:container-demuxer-webm: 4f35f7cbe854078d1ac9338744f61a02 -> 
  custom:container-demuxer-ogg: 62fdf1f143b41e24485cea50d1cbac27 -> 
  custom:video-encoder-webm-vp8: eb34c28f22e8b96e1ab97ce403110664 -> 
  custom:video-decoder-webm-vp8: 9c59270c3fd7afecdb556c50c9e8de78 -> 
  custom:audio-decoder-ogg-vorbis: bf7c407c2cedff20999df2af8eb42d56 -> 
  custom:audio-encoder-webm-vorbis: bf7c407c2cedff20999df2af8eb42d56 -> 
========================================================================
Received Import Request.
  Time since last request: 9.087459 seconds.
  path: Assets/Resources/Materials/WoodenPlatform.mat
  artifactKey: Guid(f6a7efe15470d1e418f993d86dad4e7d) Importer(815301076,1909f56bfc062723c751e8b465ee728b)
Start importing Assets/Resources/Materials/WoodenPlatform.mat using Guid(f6a7efe15470d1e418f993d86dad4e7d) Importer(815301076,1909f56bfc062723c751e8b465ee728b)  -> (artifact id: 'cc9fbe97afd702a5ef5ca6be49e95fc1') in 0.061723 seconds 
  Import took 0.065280 seconds .

========================================================================
Received Import Request.
  Time since last request: 36.533822 seconds.
  path: Assets/Resources/Materials/WoodenPlatform.mat
  artifactKey: Guid(f6a7efe15470d1e418f993d86dad4e7d) Importer(815301076,1909f56bfc062723c751e8b465ee728b)
Start importing Assets/Resources/Materials/WoodenPlatform.mat using Guid(f6a7efe15470d1e418f993d86dad4e7d) Importer(815301076,1909f56bfc062723c751e8b465ee728b)  -> (artifact id: 'd14aeae0e2d687e22cb382dc3e1b49db') in 0.010507 seconds 
  Import took 0.013732 seconds .

========================================================================
Received Import Request.
  Time since last request: 17.655365 seconds.
  path: Assets/Resources/Prefabs/LevelCreation/WoodenPlatform.prefab
  artifactKey: Guid(f8617d2296874b24c9f7b6d11ee5e3ab) Importer(815301076,1909f56bfc062723c751e8b465ee728b)
Start importing Assets/Resources/Prefabs/LevelCreation/WoodenPlatform.prefab using Guid(f8617d2296874b24c9f7b6d11ee5e3ab) Importer(815301076,1909f56bfc062723c751e8b465ee728b)  -> (artifact id: 'a64f02865b3ec34c397da1d939bf42b5') in 0.018174 seconds 
  Import took 0.021216 seconds .

========================================================================
Received Prepare
Registering precompiled user dll's ...
Registered in 0.003913 seconds.
Begin MonoManager ReloadAssembly
Native extension for WindowsStandalone target not found
Refreshing native plugins compatible for Editor in 0.43 ms, found 3 plugins.
Preloading 0 native plugins for Editor in 0.00 ms.
Mono: successfully reloaded assembly
- Completed reload, in  0.990 seconds
Domain Reload Profiling:
	ReloadAssembly (990ms)
		BeginReloadAssembly (106ms)
			ExecutionOrderSort (0ms)
			DisableScriptedObjects (7ms)
			BackupInstance (0ms)
			ReleaseScriptingObjects (0ms)
			CreateAndSetChildDomain (33ms)
		EndReloadAssembly (817ms)
			LoadAssemblies (86ms)
			RebuildTransferFunctionScriptingTraits (0ms)
			SetupTypeCache (262ms)
			ReleaseScriptCaches (1ms)
			RebuildScriptCaches (47ms)
			SetupLoadedEditorAssemblies (314ms)
				LogAssemblyErrors (0ms)
				InitializePlatformSupportModulesInManaged (5ms)
				SetLoadedEditorAssemblies (0ms)
				RefreshPlugins (0ms)
				BeforeProcessingInitializeOnLoad (88ms)
				ProcessInitializeOnLoadAttributes (205ms)
				ProcessInitializeOnLoadMethodAttributes (7ms)
				AfterProcessingInitializeOnLoad (8ms)
				EditorAssembliesLoaded (0ms)
			ExecutionOrderSort2 (0ms)
			AwakeInstancesAfterBackupRestoration (13ms)
Platform modules already initialized, skipping
Refreshing native plugins compatible for Editor in 0.59 ms, found 3 plugins.
Preloading 0 native plugins for Editor in 0.00 ms.
Unloading 2097 Unused Serialized files (Serialized files now loaded: 0)
System memory in use before: 103.0 MB.
System memory in use after: 103.2 MB.

Unloading 14 unused Assets to reduce memory usage. Loaded Objects now: 2629.
Total: 2.626700 ms (FindLiveObjects: 0.217500 ms CreateObjectMapping: 0.080500 ms MarkObjects: 2.312700 ms  DeleteObjects: 0.014800 ms)

AssetImportParameters requested are different than current active one (requested -> active):
  custom:framework-win-MediaFoundation: 216162199b28c13a410421893ffa2e32 -> 
  custom:video-decoder-ogg-theora: a1e56fd34408186e4bbccfd4996cb3dc -> 
  custom:container-muxer-webm: aa71ff27fc2769a1b78a27578f13a17b -> 
  custom:container-demuxer-webm: 4f35f7cbe854078d1ac9338744f61a02 -> 
  custom:container-demuxer-ogg: 62fdf1f143b41e24485cea50d1cbac27 -> 
  custom:video-encoder-webm-vp8: eb34c28f22e8b96e1ab97ce403110664 -> 
  custom:video-decoder-webm-vp8: 9c59270c3fd7afecdb556c50c9e8de78 -> 
  custom:audio-decoder-ogg-vorbis: bf7c407c2cedff20999df2af8eb42d56 -> 
  custom:audio-encoder-webm-vorbis: bf7c407c2cedff20999df2af8eb42d56 -> 
========================================================================
Received Import Request.
  Time since last request: 12.894487 seconds.
  path: Assets/Resources/Prefabs/LevelCreation/WoodenPlatform.prefab
  artifactKey: Guid(f8617d2296874b24c9f7b6d11ee5e3ab) Importer(815301076,1909f56bfc062723c751e8b465ee728b)
Start importing Assets/Resources/Prefabs/LevelCreation/WoodenPlatform.prefab using Guid(f8617d2296874b24c9f7b6d11ee5e3ab) Importer(815301076,1909f56bfc062723c751e8b465ee728b)  -> (artifact id: 'b15fad07c31bc73e2600b03bf16c8fbf') in 0.049460 seconds 
  Import took 0.052342 seconds .

========================================================================
Received Prepare
Registering precompiled user dll's ...
Registered in 0.003810 seconds.
Begin MonoManager ReloadAssembly
Native extension for WindowsStandalone target not found
Refreshing native plugins compatible for Editor in 0.39 ms, found 3 plugins.
Preloading 0 native plugins for Editor in 0.00 ms.
Mono: successfully reloaded assembly
- Completed reload, in  0.942 seconds
Domain Reload Profiling:
	ReloadAssembly (942ms)
		BeginReloadAssembly (108ms)
			ExecutionOrderSort (0ms)
			DisableScriptedObjects (6ms)
			BackupInstance (0ms)
			ReleaseScriptingObjects (0ms)
			CreateAndSetChildDomain (32ms)
		EndReloadAssembly (777ms)
			LoadAssemblies (85ms)
			RebuildTransferFunctionScriptingTraits (0ms)
			SetupTypeCache (254ms)
			ReleaseScriptCaches (1ms)
			RebuildScriptCaches (46ms)
			SetupLoadedEditorAssemblies (298ms)
				LogAssemblyErrors (0ms)
				InitializePlatformSupportModulesInManaged (4ms)
				SetLoadedEditorAssemblies (0ms)
				RefreshPlugins (0ms)
				BeforeProcessingInitializeOnLoad (89ms)
				ProcessInitializeOnLoadAttributes (191ms)
				ProcessInitializeOnLoadMethodAttributes (6ms)
				AfterProcessingInitializeOnLoad (7ms)
				EditorAssembliesLoaded (0ms)
			ExecutionOrderSort2 (0ms)
			AwakeInstancesAfterBackupRestoration (10ms)
Platform modules already initialized, skipping
Refreshing native plugins compatible for Editor in 0.41 ms, found 3 plugins.
Preloading 0 native plugins for Editor in 0.00 ms.
Unloading 2097 Unused Serialized files (Serialized files now loaded: 0)
System memory in use before: 103.1 MB.
System memory in use after: 103.2 MB.

Unloading 14 unused Assets to reduce memory usage. Loaded Objects now: 2633.
Total: 3.025700 ms (FindLiveObjects: 0.173600 ms CreateObjectMapping: 0.070200 ms MarkObjects: 2.764700 ms  DeleteObjects: 0.016200 ms)

AssetImportParameters requested are different than current active one (requested -> active):
  custom:framework-win-MediaFoundation: 216162199b28c13a410421893ffa2e32 -> 
  custom:video-decoder-ogg-theora: a1e56fd34408186e4bbccfd4996cb3dc -> 
  custom:container-muxer-webm: aa71ff27fc2769a1b78a27578f13a17b -> 
  custom:container-demuxer-webm: 4f35f7cbe854078d1ac9338744f61a02 -> 
  custom:container-demuxer-ogg: 62fdf1f143b41e24485cea50d1cbac27 -> 
  custom:video-encoder-webm-vp8: eb34c28f22e8b96e1ab97ce403110664 -> 
  custom:video-decoder-webm-vp8: 9c59270c3fd7afecdb556c50c9e8de78 -> 
  custom:audio-decoder-ogg-vorbis: bf7c407c2cedff20999df2af8eb42d56 -> 
  custom:audio-encoder-webm-vorbis: bf7c407c2cedff20999df2af8eb42d56 -> 
========================================================================
Received Import Request.
  Time since last request: 26.893777 seconds.
  path: Assets/Resources/Prefabs/LevelCreation/WoodenPlatform.prefab
  artifactKey: Guid(f8617d2296874b24c9f7b6d11ee5e3ab) Importer(815301076,1909f56bfc062723c751e8b465ee728b)
Start importing Assets/Resources/Prefabs/LevelCreation/WoodenPlatform.prefab using Guid(f8617d2296874b24c9f7b6d11ee5e3ab) Importer(815301076,1909f56bfc062723c751e8b465ee728b)  -> (artifact id: '1bc4a51ed0ef8b04732db6d1f7e72df0') in 0.051958 seconds 
  Import took 0.055036 seconds .

========================================================================
Received Import Request.
  Time since last request: 3.960830 seconds.
  path: Assets/Resources/Prefabs/LevelCreation/WoodenPlatform.prefab
  artifactKey: Guid(f8617d2296874b24c9f7b6d11ee5e3ab) Importer(815301076,1909f56bfc062723c751e8b465ee728b)
Start importing Assets/Resources/Prefabs/LevelCreation/WoodenPlatform.prefab using Guid(f8617d2296874b24c9f7b6d11ee5e3ab) Importer(815301076,1909f56bfc062723c751e8b465ee728b)  -> (artifact id: '95712ec31e0aec2d5a48da63c71d1c88') in 0.012466 seconds 
  Import took 0.018059 seconds .

AssetImportWorkerClient::OnTransportError - code=2 error=End of file
